<?xml version="1.0" encoding="UTF-8"?>
<testsuite name="Cucumber" time="0.487" tests="1" skipped="0" failures="1" errors="0">
<testcase classname="login" name="login to web app" time="0.166">
<failure type="org.openqa.selenium.remote.NoSuchDriverException" message="chromedriver located at F:\Cucumber\cucu.QA/Drivers/chromedriver.exe, but invalid
For documentation on this error, please visit: https://www.selenium.dev/documentation/webdriver/troubleshooting/errors/driver_location/
Build info: version: '4.10.0', revision: 'c14d967899'
System info: os.name: 'Windows 10', os.arch: 'amd64', os.version: '10.0', java.version: '20'
Driver info: driver.version: ChromeDriver">
<![CDATA[org.openqa.selenium.remote.NoSuchDriverException: chromedriver located at F:\Cucumber\cucu.QA/Drivers/chromedriver.exe, but invalid
For documentation on this error, please visit: https://www.selenium.dev/documentation/webdriver/troubleshooting/errors/driver_location/
Build info: version: '4.10.0', revision: 'c14d967899'
System info: os.name: 'Windows 10', os.arch: 'amd64', os.version: '10.0', java.version: '20'
Driver info: driver.version: ChromeDriver
	at org.openqa.selenium.remote.service.DriverFinder.getPath(DriverFinder.java:45)
	at org.openqa.selenium.chrome.ChromeDriver.generateExecutor(ChromeDriver.java:98)
	at org.openqa.selenium.chrome.ChromeDriver.<init>(ChromeDriver.java:87)
	at org.openqa.selenium.chrome.ChromeDriver.<init>(ChromeDriver.java:82)
	at org.openqa.selenium.chrome.ChromeDriver.<init>(ChromeDriver.java:50)
	at StepDefinations.loginsteps.user_on_login_page(loginsteps.java:21)
	at âœ½.user on login page(file:///F:/Cucumber/cucu.QA/src/main/java/Feature/Login.feature:4)
]]>
</failure>
<system-out><![CDATA[
Given user on login page....................................................failed
When user enter valid username and password.................................skipped
And click on sign button....................................................skipped
Then user should be login sccessfully.......................................skipped
]]></system-out>
</testcase>
</testsuite>
